# JRE version: OpenJDK Runtime Environment (11.0.4+11) (build 11.0.4+11-post-Ubuntu-1ubuntu218.04.3)
# Java VM: OpenJDK 64-Bit Server VM (11.0.4+11-post-Ubuntu-1ubuntu218.04.3, mixed mode, sharing, tiered, compressed oops, serial gc, linux-amd64)
Heap:
 def new generation   total 25024K, used 0K [0x00000000f0800000, 0x00000000f2320000, 0x00000000f5aa0000)
  eden space 22272K,   0% used [0x00000000f0800000, 0x00000000f0800000, 0x00000000f1dc0000)
  from space 2752K,   0% used [0x00000000f2070000, 0x00000000f2070000, 0x00000000f2320000)
  to   space 2752K,   0% used [0x00000000f1dc0000, 0x00000000f1dc0000, 0x00000000f2070000)
 tenured generation   total 57408K, used 45731K [0x00000000f5aa0000, 0x00000000f92b0000, 0x0000000100000000)
   the space 57408K,  79% used [0x00000000f5aa0000, 0x00000000f8748f20, 0x00000000f8749000, 0x00000000f92b0000)
 Metaspace       used 29688K, capacity 30582K, committed 30720K, reserved 1077248K
  class space    used 3192K, capacity 3524K, committed 3584K, reserved 1048576K
GC Heap History (10 events):
Event: 14.364 GC heap after
{Heap after GC invocations=58 (full 3):
 def new generation   total 25024K, used 1265K [0x00000000f0800000, 0x00000000f2320000, 0x00000000f5aa0000)
  eden space 22272K,   0% used [0x00000000f0800000, 0x00000000f0800000, 0x00000000f1dc0000)
  from space 2752K,  45% used [0x00000000f1dc0000, 0x00000000f1efc4e8, 0x00000000f2070000)
  to   space 2752K,   0% used [0x00000000f2070000, 0x00000000f2070000, 0x00000000f2320000)
 tenured generation   total 55488K, used 48383K [0x00000000f5aa0000, 0x00000000f90d0000, 0x0000000100000000)
   the space 55488K,  87% used [0x00000000f5aa0000, 0x00000000f89dfc58, 0x00000000f89dfe00, 0x00000000f90d0000)
 Metaspace       used 27618K, capacity 28391K, committed 28672K, reserved 1075200K
  class space    used 3002K, capacity 3221K, committed 3328K, reserved 1048576K
}
Event: 14.936 GC heap before
{Heap before GC invocations=58 (full 3):
 def new generation   total 25024K, used 23537K [0x00000000f0800000, 0x00000000f2320000, 0x00000000f5aa0000)
  eden space 22272K, 100% used [0x00000000f0800000, 0x00000000f1dc0000, 0x00000000f1dc0000)
  from space 2752K,  45% used [0x00000000f1dc0000, 0x00000000f1efc4e8, 0x00000000f2070000)
  to   space 2752K,   0% used [0x00000000f2070000, 0x00000000f2070000, 0x00000000f2320000)
 tenured generation   total 55488K, used 48383K [0x00000000f5aa0000, 0x00000000f90d0000, 0x0000000100000000)
   the space 55488K,  87% used [0x00000000f5aa0000, 0x00000000f89dfc58, 0x00000000f89dfe00, 0x00000000f90d0000)
 Metaspace       used 28215K, capacity 28988K, committed 29184K, reserved 1075200K
  class space    used 3047K, capacity 3288K, committed 3328K, reserved 1048576K
}
Event: 14.955 GC heap after
{Heap after GC invocations=59 (full 3):
 def new generation   total 25024K, used 2269K [0x00000000f0800000, 0x00000000f2320000, 0x00000000f5aa0000)
  eden space 22272K,   0% used [0x00000000f0800000, 0x00000000f0800000, 0x00000000f1dc0000)
  from space 2752K,  82% used [0x00000000f2070000, 0x00000000f22a7518, 0x00000000f2320000)
  to   space 2752K,   0% used [0x00000000f1dc0000, 0x00000000f1dc0000, 0x00000000f2070000)
 tenured generation   total 55488K, used 48383K [0x00000000f5aa0000, 0x00000000f90d0000, 0x0000000100000000)
   the space 55488K,  87% used [0x00000000f5aa0000, 0x00000000f89dfc58, 0x00000000f89dfe00, 0x00000000f90d0000)
 Metaspace       used 28215K, capacity 28988K, committed 29184K, reserved 1075200K
  class space    used 3047K, capacity 3288K, committed 3328K, reserved 1048576K
}
Event: 16.501 GC heap before
{Heap before GC invocations=59 (full 3):
 def new generation   total 25024K, used 24541K [0x00000000f0800000, 0x00000000f2320000, 0x00000000f5aa0000)
  eden space 22272K, 100% used [0x00000000f0800000, 0x00000000f1dc0000, 0x00000000f1dc0000)
  from space 2752K,  82% used [0x00000000f2070000, 0x00000000f22a7518, 0x00000000f2320000)
  to   space 2752K,   0% used [0x00000000f1dc0000, 0x00000000f1dc0000, 0x00000000f2070000)
 tenured generation   total 55488K, used 48383K [0x00000000f5aa0000, 0x00000000f90d0000, 0x0000000100000000)
   the space 55488K,  87% used [0x00000000f5aa0000, 0x00000000f89dfc58, 0x00000000f89dfe00, 0x00000000f90d0000)
 Metaspace       used 29625K, capacity 30572K, committed 30720K, reserved 1077248K
  class space    used 3191K, capacity 3522K, committed 3584K, reserved 1048576K
}
Event: 16.542 GC heap after
{Heap after GC invocations=60 (full 3):
 def new generation   total 25024K, used 2064K [0x00000000f0800000, 0x00000000f2320000, 0x00000000f5aa0000)
  eden space 22272K,   0% used [0x00000000f0800000, 0x00000000f0800000, 0x00000000f1dc0000)
  from space 2752K,  75% used [0x00000000f1dc0000, 0x00000000f1fc40b8, 0x00000000f2070000)
  to   space 2752K,   0% used [0x00000000f2070000, 0x00000000f2070000, 0x00000000f2320000)
 tenured generation   total 55488K, used 50626K [0x00000000f5aa0000, 0x00000000f90d0000, 0x0000000100000000)
   the space 55488K,  91% used [0x00000000f5aa0000, 0x00000000f8c10a20, 0x00000000f8c10c00, 0x00000000f90d0000)
 Metaspace       used 29625K, capacity 30572K, committed 30720K, reserved 1077248K
  class space    used 3191K, capacity 3522K, committed 3584K, reserved 1048576K
}
Event: 16.610 GC heap before
{Heap before GC invocations=60 (full 3):
 def new generation   total 25024K, used 24332K [0x00000000f0800000, 0x00000000f2320000, 0x00000000f5aa0000)
  eden space 22272K,  99% used [0x00000000f0800000, 0x00000000f1dbef78, 0x00000000f1dc0000)
  from space 2752K,  75% used [0x00000000f1dc0000, 0x00000000f1fc40b8, 0x00000000f2070000)
  to   space 2752K,   0% used [0x00000000f2070000, 0x00000000f2070000, 0x00000000f2320000)
 tenured generation   total 55488K, used 50626K [0x00000000f5aa0000, 0x00000000f90d0000, 0x0000000100000000)
   the space 55488K,  91% used [0x00000000f5aa0000, 0x00000000f8c10a20, 0x00000000f8c10c00, 0x00000000f90d0000)
 Metaspace       used 29632K, capacity 30572K, committed 30720K, reserved 1077248K
  class space    used 3191K, capacity 3522K, committed 3584K, reserved 1048576K
}
Event: 16.625 GC heap after
{Heap after GC invocations=61 (full 3):
 def new generation   total 25024K, used 766K [0x00000000f0800000, 0x00000000f2320000, 0x00000000f5aa0000)
  eden space 22272K,   0% used [0x00000000f0800000, 0x00000000f0800000, 0x00000000f1dc0000)
  from space 2752K,  27% used [0x00000000f2070000, 0x00000000f212f940, 0x00000000f2320000)
  to   space 2752K,   0% used [0x00000000f1dc0000, 0x00000000f1dc0000, 0x00000000f2070000)
 tenured generation   total 55488K, used 52664K [0x00000000f5aa0000, 0x00000000f90d0000, 0x0000000100000000)
   the space 55488K,  94% used [0x00000000f5aa0000, 0x00000000f8e0e350, 0x00000000f8e0e400, 0x00000000f90d0000)
 Metaspace       used 29632K, capacity 30572K, committed 30720K, reserved 1077248K
  class space    used 3191K, capacity 3522K, committed 3584K, reserved 1048576K
}
Event: 16.795 GC heap before
{Heap before GC invocations=61 (full 3):
 def new generation   total 25024K, used 23038K [0x00000000f0800000, 0x00000000f2320000, 0x00000000f5aa0000)
  eden space 22272K, 100% used [0x00000000f0800000, 0x00000000f1dc0000, 0x00000000f1dc0000)
  from space 2752K,  27% used [0x00000000f2070000, 0x00000000f212f940, 0x00000000f2320000)
  to   space 2752K,   0% used [0x00000000f1dc0000, 0x00000000f1dc0000, 0x00000000f2070000)
 tenured generation   total 55488K, used 52664K [0x00000000f5aa0000, 0x00000000f90d0000, 0x0000000100000000)
   the space 55488K,  94% used [0x00000000f5aa0000, 0x00000000f8e0e350, 0x00000000f8e0e400, 0x00000000f90d0000)
 Metaspace       used 29642K, capacity 30572K, committed 30720K, reserved 1077248K
  class space    used 3191K, capacity 3522K, committed 3584K, reserved 1048576K
}
Event: 16.796 GC heap after
{Heap after GC invocations=62 (full 3):
 def new generation   total 25024K, used 135K [0x00000000f0800000, 0x00000000f2320000, 0x00000000f5aa0000)
  eden space 22272K,   0% used [0x00000000f0800000, 0x00000000f0800000, 0x00000000f1dc0000)
  from space 2752K,   4% used [0x00000000f1dc0000, 0x00000000f1de1f00, 0x00000000f2070000)
  to   space 2752K,   0% used [0x00000000f2070000, 0x00000000f2070000, 0x00000000f2320000)
 tenured generation   total 55488K, used 52664K [0x00000000f5aa0000, 0x00000000f90d0000, 0x0000000100000000)
   the space 55488K,  94% used [0x00000000f5aa0000, 0x00000000f8e0e350, 0x00000000f8e0e400, 0x00000000f90d0000)
 Metaspace       used 29642K, capacity 30572K, committed 30720K, reserved 1077248K
  class space    used 3191K, capacity 3522K, committed 3584K, reserved 1048576K
}
Event: 17.090 GC heap before
{Heap before GC invocations=62 (full 3):
 def new generation   total 25024K, used 22397K [0x00000000f0800000, 0x00000000f2320000, 0x00000000f5aa0000)
  eden space 22272K,  99% used [0x00000000f0800000, 0x00000000f1dbd708, 0x00000000f1dc0000)
  from space 2752K,   4% used [0x00000000f1dc0000, 0x00000000f1de1f00, 0x00000000f2070000)
  to   space 2752K,   0% used [0x00000000f2070000, 0x00000000f2070000, 0x00000000f2320000)
 tenured generation   total 55488K, used 52664K [0x00000000f5aa0000, 0x00000000f90d0000, 0x0000000100000000)
   the space 55488K,  94% used [0x00000000f5aa0000, 0x00000000f8e0e350, 0x00000000f8e0e400, 0x00000000f90d0000)
 Metaspace       used 29688K, capacity 30582K, committed 30720K, reserved 1077248K
  class space    used 3192K, capacity 3524K, committed 3584K, reserved 1048576K
}

